-------------------------------------------------------------------------------
Test set: com.yourname.algos.util.MetricsTest
-------------------------------------------------------------------------------
Tests run: 1, Failures: 0, Errors: 1, Skipped: 0, Time elapsed: 0.001 s <<< FAILURE! -- in com.yourname.algos.util.MetricsTest
com.yourname.algos.util.MetricsTest.countsDepthAndTimingWork -- Time elapsed: 0.001 s <<< ERROR!
java.lang.IncompatibleClassChangeError: Expected static method 'void com.yourname.algos.util.Metrics.reset()'
	at com.yourname.algos.util.MetricsTest.countsDepthAndTimingWork(MetricsTest.java:10)
	at java.base/java.lang.reflect.Method.invoke(Method.java:580)
	at java.base/java.util.ArrayList.forEach(ArrayList.java:1597)
	at java.base/java.util.ArrayList.forEach(ArrayList.java:1597)

