-------------------------------------------------------------------------------
Test set: com.yourname.algos.sort.MergeSortTest
-------------------------------------------------------------------------------
Tests run: 3, Failures: 0, Errors: 3, Skipped: 0, Time elapsed: 0.009 s <<< FAILURE! -- in com.yourname.algos.sort.MergeSortTest
com.yourname.algos.sort.MergeSortTest.sortsWithDuplicates -- Time elapsed: 0.003 s <<< ERROR!
java.lang.NoClassDefFoundError: com/yourname/algos/sort/MergeSort
	at com.yourname.algos.sort.MergeSortTest.sortsWithDuplicates(MergeSortTest.java:29)
	at java.base/java.lang.reflect.Method.invoke(Method.java:580)
	at java.base/java.util.ArrayList.forEach(ArrayList.java:1597)
	at java.base/java.util.ArrayList.forEach(ArrayList.java:1597)
Caused by: java.lang.ClassNotFoundException: com.yourname.algos.sort.MergeSort
	at java.base/jdk.internal.loader.BuiltinClassLoader.loadClass(BuiltinClassLoader.java:641)
	at java.base/jdk.internal.loader.ClassLoaders$AppClassLoader.loadClass(ClassLoaders.java:188)
	at java.base/java.lang.ClassLoader.loadClass(ClassLoader.java:528)
	... 4 more

com.yourname.algos.sort.MergeSortTest.recursionDepthIsLogN -- Time elapsed: 0.003 s <<< ERROR!
java.lang.NoClassDefFoundError: com/yourname/algos/sort/MergeSort
	at com.yourname.algos.sort.MergeSortTest.recursionDepthIsLogN(MergeSortTest.java:37)
	at java.base/java.lang.reflect.Method.invoke(Method.java:580)
	at java.base/java.util.ArrayList.forEach(ArrayList.java:1597)
	at java.base/java.util.ArrayList.forEach(ArrayList.java:1597)
Caused by: java.lang.ClassNotFoundException: com.yourname.algos.sort.MergeSort
	... 4 more

com.yourname.algos.sort.MergeSortTest.sortsRandomArrays -- Time elapsed: 0.001 s <<< ERROR!
java.lang.IncompatibleClassChangeError: Expected static method 'void com.yourname.algos.util.Metrics.reset()'
	at com.yourname.algos.sort.MergeSortTest.sortsRandomArrays(MergeSortTest.java:18)
	at java.base/java.lang.reflect.Method.invoke(Method.java:580)
	at java.base/java.util.ArrayList.forEach(ArrayList.java:1597)
	at java.base/java.util.ArrayList.forEach(ArrayList.java:1597)

